2023-04-27T00:46:32.936+09:00  INFO 6272 --- [SpringApplicationShutdownHook] j.LocalContainerEntityManagerFactoryBean : Closing JPA EntityManagerFactory for persistence unit 'default'
2023-04-27T00:46:32.948+09:00  INFO 6272 --- [SpringApplicationShutdownHook] com.zaxxer.hikari.HikariDataSource       : HikariPool-1 - Shutdown initiated...
2023-04-27T00:46:32.954+09:00  INFO 6272 --- [SpringApplicationShutdownHook] com.zaxxer.hikari.HikariDataSource       : HikariPool-1 - Shutdown completed.
2023-04-27T12:50:08.115+09:00  INFO 14560 --- [restartedMain] c.j.m.MainichishinpoApplication          : Starting MainichishinpoApplication using Java 17.0.5 with PID 14560 (C:\Users\MSI\Desktop\mainichishinpo\Backend\target\classes started by MSI in C:\Users\MSI\Desktop\mainichishinpo\Backend)
2023-04-27T12:50:08.122+09:00  INFO 14560 --- [restartedMain] c.j.m.MainichishinpoApplication          : The following 1 profile is active: "local"
2023-04-27T12:50:08.206+09:00  INFO 14560 --- [restartedMain] .e.DevToolsPropertyDefaultsPostProcessor : Devtools property defaults active! Set 'spring.devtools.add-properties' to 'false' to disable
2023-04-27T12:50:08.207+09:00  INFO 14560 --- [restartedMain] .e.DevToolsPropertyDefaultsPostProcessor : For additional web related logging consider setting the 'logging.level.web' property to 'DEBUG'
2023-04-27T12:50:10.151+09:00  INFO 14560 --- [restartedMain] .s.d.r.c.RepositoryConfigurationDelegate : Bootstrapping Spring Data JPA repositories in DEFAULT mode.
2023-04-27T12:50:10.630+09:00  INFO 14560 --- [restartedMain] .s.d.r.c.RepositoryConfigurationDelegate : Finished Spring Data repository scanning in 448 ms. Found 8 JPA repository interfaces.
2023-04-27T12:50:14.391+09:00  INFO 14560 --- [restartedMain] o.s.b.w.embedded.tomcat.TomcatWebServer  : Tomcat initialized with port(s): 8080 (http)
2023-04-27T12:50:14.411+09:00  INFO 14560 --- [restartedMain] o.apache.catalina.core.StandardService   : Starting service [Tomcat]
2023-04-27T12:50:14.412+09:00  INFO 14560 --- [restartedMain] o.apache.catalina.core.StandardEngine    : Starting Servlet engine: [Apache Tomcat/10.1.7]
2023-04-27T12:50:14.557+09:00  INFO 14560 --- [restartedMain] o.a.c.c.C.[Tomcat].[localhost].[/]       : Initializing Spring embedded WebApplicationContext
2023-04-27T12:50:14.558+09:00  INFO 14560 --- [restartedMain] w.s.c.ServletWebServerApplicationContext : Root WebApplicationContext: initialization completed in 6350 ms
2023-04-27T12:50:15.142+09:00  INFO 14560 --- [restartedMain] o.hibernate.jpa.internal.util.LogHelper  : HHH000204: Processing PersistenceUnitInfo [name: default]
2023-04-27T12:50:15.268+09:00  INFO 14560 --- [restartedMain] org.hibernate.Version                    : HHH000412: Hibernate ORM core version 6.1.7.Final
2023-04-27T12:50:15.822+09:00  INFO 14560 --- [restartedMain] com.zaxxer.hikari.HikariDataSource       : HikariPool-1 - Starting...
2023-04-27T12:50:16.306+09:00  INFO 14560 --- [restartedMain] com.zaxxer.hikari.pool.HikariPool        : HikariPool-1 - Added connection org.postgresql.jdbc.PgConnection@a7f6ada
2023-04-27T12:50:16.308+09:00  INFO 14560 --- [restartedMain] com.zaxxer.hikari.HikariDataSource       : HikariPool-1 - Start completed.
2023-04-27T12:50:16.396+09:00  INFO 14560 --- [restartedMain] SQL dialect                              : HHH000400: Using dialect: org.hibernate.dialect.PostgreSQL81Dialect
2023-04-27T12:50:16.402+09:00  WARN 14560 --- [restartedMain] org.hibernate.orm.deprecation            : HHH90000026: PostgreSQL81Dialect has been deprecated; use org.hibernate.dialect.PostgreSQLDialect instead
2023-04-27T12:50:18.394+09:00  INFO 14560 --- [restartedMain] o.h.e.t.j.p.i.JtaPlatformInitiator       : HHH000490: Using JtaPlatform implementation: [org.hibernate.engine.transaction.jta.platform.internal.NoJtaPlatform]
2023-04-27T12:50:18.407+09:00  INFO 14560 --- [restartedMain] j.LocalContainerEntityManagerFactoryBean : Initialized JPA EntityManagerFactory for persistence unit 'default'
2023-04-27T12:50:19.620+09:00  WARN 14560 --- [restartedMain] JpaBaseConfiguration$JpaWebConfiguration : spring.jpa.open-in-view is enabled by default. Therefore, database queries may be performed during view rendering. Explicitly configure spring.jpa.open-in-view to disable this warning
2023-04-27T12:50:20.075+09:00  INFO 14560 --- [restartedMain] o.s.s.web.DefaultSecurityFilterChain     : Will secure any request with [org.springframework.security.web.session.DisableEncodeUrlFilter@4cefa96c, org.springframework.security.web.context.request.async.WebAsyncManagerIntegrationFilter@1cc64e89, org.springframework.security.web.context.SecurityContextHolderFilter@5cb7e1f, org.springframework.security.web.header.HeaderWriterFilter@43af717, org.springframework.web.filter.CorsFilter@219b6233, org.springframework.security.web.authentication.logout.LogoutFilter@2dd8b2b9, com.jp.mainichishinpo.security.jwt.AuthTokenFilter@4dd395ed, org.springframework.security.web.savedrequest.RequestCacheAwareFilter@724ec091, org.springframework.security.web.servletapi.SecurityContextHolderAwareRequestFilter@8211ddd, org.springframework.security.web.authentication.AnonymousAuthenticationFilter@323b1dc3, org.springframework.security.web.session.SessionManagementFilter@7232d35e, org.springframework.security.web.access.ExceptionTranslationFilter@21905480, org.springframework.security.web.access.intercept.AuthorizationFilter@4702ff7f]
2023-04-27T12:50:20.428+09:00  INFO 14560 --- [restartedMain] o.s.b.d.a.OptionalLiveReloadServer       : LiveReload server is running on port 35729
2023-04-27T12:50:20.556+09:00  INFO 14560 --- [restartedMain] o.s.b.w.embedded.tomcat.TomcatWebServer  : Tomcat started on port(s): 8080 (http) with context path ''
2023-04-27T12:50:20.575+09:00  INFO 14560 --- [restartedMain] c.j.m.MainichishinpoApplication          : Started MainichishinpoApplication in 13.295 seconds (process running for 14.17)
2023-04-27T13:00:45.467+09:00  INFO 14560 --- [http-nio-8080-exec-2] o.a.c.c.C.[Tomcat].[localhost].[/]       : Initializing Spring DispatcherServlet 'dispatcherServlet'
2023-04-27T13:00:45.536+09:00  INFO 14560 --- [http-nio-8080-exec-2] o.s.web.servlet.DispatcherServlet        : Initializing Servlet 'dispatcherServlet'
2023-04-27T13:00:45.538+09:00  INFO 14560 --- [http-nio-8080-exec-2] o.s.web.servlet.DispatcherServlet        : Completed initialization in 2 ms
